0 verbose cli C:\Program Files\nodejs\node.exe C:\Program Files\nodejs\node_modules\npm\bin\npm-cli.js
1 info using npm@11.8.0
2 info using node@v24.13.1
3 silly config load:file:C:\Program Files\nodejs\node_modules\npm\npmrc
4 silly config load:file:C:\Users\jeuxpc\Documents\GitHub\rldev2026-go-edition\GUI Sources\frontend\.npmrc
5 silly config load:file:C:\Users\jeuxpc\.npmrc
6 silly config load:file:C:\Users\jeuxpc\AppData\Roaming\npm\etc\npmrc
7 verbose title npm ci
8 verbose argv "ci" "--prefer-offline" "--no-audit" "--fund" "false"
9 verbose logfile logs-max:10 dir:C:\Users\jeuxpc\Documents\GitHub\rldev2026-go-edition\GUI Sources\frontend\.npm-cache\_logs\2026-05-20T17_19_39_132Z-
10 verbose logfile C:\Users\jeuxpc\Documents\GitHub\rldev2026-go-edition\GUI Sources\frontend\.npm-cache\_logs\2026-05-20T17_19_39_132Z-debug-0.log
11 silly logfile done cleaning log files
12 silly packumentCache heap:4496293888 maxSize:1124073472 maxEntrySize:562036736
13 silly idealTree buildDeps
14 silly reify moves {}
15 http cache vitefu@https://registry.npmjs.org/vitefu/-/vitefu-0.2.5.tgz 0ms (cache hit)
16 http cache vite@https://registry.npmjs.org/vite/-/vite-3.2.11.tgz 0ms (cache hit)
17 http cache svelte@https://registry.npmjs.org/svelte/-/svelte-3.59.2.tgz 0ms (cache hit)
18 http cache svelte-hmr@https://registry.npmjs.org/svelte-hmr/-/svelte-hmr-0.15.3.tgz 0ms (cache hit)
19 http cache supports-preserve-symlinks-flag@https://registry.npmjs.org/supports-preserve-symlinks-flag/-/supports-preserve-symlinks-flag-1.0.0.tgz 0ms (cache hit)
20 http cache sourcemap-codec@https://registry.npmjs.org/sourcemap-codec/-/sourcemap-codec-1.4.8.tgz 0ms (cache hit)
21 http cache source-map-js@https://registry.npmjs.org/source-map-js/-/source-map-js-1.2.1.tgz 0ms (cache hit)
22 http cache rollup@https://registry.npmjs.org/rollup/-/rollup-2.79.2.tgz 0ms (cache hit)
23 http cache resolve@https://registry.npmjs.org/resolve/-/resolve-1.22.11.tgz 0ms (cache hit)
24 http cache postcss@https://registry.npmjs.org/postcss/-/postcss-8.5.6.tgz 0ms (cache hit)
25 http cache nanoid@https://registry.npmjs.org/nanoid/-/nanoid-3.3.11.tgz 0ms (cache hit)
26 http cache ms@https://registry.npmjs.org/ms/-/ms-2.1.3.tgz 0ms (cache hit)
27 http cache magic-string@https://registry.npmjs.org/magic-string/-/magic-string-0.26.7.tgz 0ms (cache hit)
28 http cache picocolors@https://registry.npmjs.org/picocolors/-/picocolors-1.1.1.tgz 0ms (cache hit)
29 http cache path-parse@https://registry.npmjs.org/path-parse/-/path-parse-1.0.7.tgz 0ms (cache hit)
30 http cache kleur@https://registry.npmjs.org/kleur/-/kleur-4.1.5.tgz 0ms (cache hit)
31 http cache hasown@https://registry.npmjs.org/hasown/-/hasown-2.0.2.tgz 0ms (cache hit)
32 http cache is-core-module@https://registry.npmjs.org/is-core-module/-/is-core-module-2.16.1.tgz 0ms (cache hit)
33 http cache function-bind@https://registry.npmjs.org/function-bind/-/function-bind-1.1.2.tgz 0ms (cache hit)
34 http cache esbuild@https://registry.npmjs.org/esbuild/-/esbuild-0.15.18.tgz 0ms (cache hit)
35 http cache @sveltejs/vite-plugin-svelte@https://registry.npmjs.org/@sveltejs/vite-plugin-svelte/-/vite-plugin-svelte-1.4.0.tgz 0ms (cache hit)
36 http cache esbuild-windows-64@https://registry.npmjs.org/esbuild-windows-64/-/esbuild-windows-64-0.15.18.tgz 0ms (cache hit)
37 silly tarball no local data for vitefu@https://registry.npmjs.org/vitefu/-/vitefu-0.2.5.tgz. Extracting by manifest.
38 silly tarball no local data for vite@https://registry.npmjs.org/vite/-/vite-3.2.11.tgz. Extracting by manifest.
39 silly tarball no local data for svelte@https://registry.npmjs.org/svelte/-/svelte-3.59.2.tgz. Extracting by manifest.
40 silly tarball no local data for svelte-hmr@https://registry.npmjs.org/svelte-hmr/-/svelte-hmr-0.15.3.tgz. Extracting by manifest.
41 silly tarball no local data for supports-preserve-symlinks-flag@https://registry.npmjs.org/supports-preserve-symlinks-flag/-/supports-preserve-symlinks-flag-1.0.0.tgz. Extracting by manifest.
42 silly tarball no local data for sourcemap-codec@https://registry.npmjs.org/sourcemap-codec/-/sourcemap-codec-1.4.8.tgz. Extracting by manifest.
43 silly tarball no local data for source-map-js@https://registry.npmjs.org/source-map-js/-/source-map-js-1.2.1.tgz. Extracting by manifest.
44 silly tarball no local data for rollup@https://registry.npmjs.org/rollup/-/rollup-2.79.2.tgz. Extracting by manifest.
45 http cache debug@https://registry.npmjs.org/debug/-/debug-4.4.3.tgz 0ms (cache hit)
46 http cache deepmerge@https://registry.npmjs.org/deepmerge/-/deepmerge-4.3.1.tgz 0ms (cache hit)
47 silly tarball no local data for resolve@https://registry.npmjs.org/resolve/-/resolve-1.22.11.tgz. Extracting by manifest.
48 silly tarball no local data for postcss@https://registry.npmjs.org/postcss/-/postcss-8.5.6.tgz. Extracting by manifest.
49 silly tarball no local data for nanoid@https://registry.npmjs.org/nanoid/-/nanoid-3.3.11.tgz. Extracting by manifest.
50 silly tarball no local data for ms@https://registry.npmjs.org/ms/-/ms-2.1.3.tgz. Extracting by manifest.
51 silly tarball no local data for magic-string@https://registry.npmjs.org/magic-string/-/magic-string-0.26.7.tgz. Extracting by manifest.
52 silly tarball no local data for picocolors@https://registry.npmjs.org/picocolors/-/picocolors-1.1.1.tgz. Extracting by manifest.
53 silly tarball no local data for path-parse@https://registry.npmjs.org/path-parse/-/path-parse-1.0.7.tgz. Extracting by manifest.
54 silly tarball no local data for kleur@https://registry.npmjs.org/kleur/-/kleur-4.1.5.tgz. Extracting by manifest.
55 silly tarball no local data for hasown@https://registry.npmjs.org/hasown/-/hasown-2.0.2.tgz. Extracting by manifest.
56 silly tarball no local data for is-core-module@https://registry.npmjs.org/is-core-module/-/is-core-module-2.16.1.tgz. Extracting by manifest.
57 silly tarball no local data for function-bind@https://registry.npmjs.org/function-bind/-/function-bind-1.1.2.tgz. Extracting by manifest.
58 silly tarball no local data for esbuild@https://registry.npmjs.org/esbuild/-/esbuild-0.15.18.tgz. Extracting by manifest.
59 silly tarball no local data for @sveltejs/vite-plugin-svelte@https://registry.npmjs.org/@sveltejs/vite-plugin-svelte/-/vite-plugin-svelte-1.4.0.tgz. Extracting by manifest.
60 silly tarball no local data for esbuild-windows-64@https://registry.npmjs.org/esbuild-windows-64/-/esbuild-windows-64-0.15.18.tgz. Extracting by manifest.
61 silly tarball no local data for debug@https://registry.npmjs.org/debug/-/debug-4.4.3.tgz. Extracting by manifest.
62 silly tarball no local data for deepmerge@https://registry.npmjs.org/deepmerge/-/deepmerge-4.3.1.tgz. Extracting by manifest.
63 http fetch GET 200 https://registry.npmjs.org/npm 125ms
64 http fetch GET 200 https://registry.npmjs.org/path-parse/-/path-parse-1.0.7.tgz 167ms (cache miss)
65 http fetch GET 200 https://registry.npmjs.org/ms/-/ms-2.1.3.tgz 171ms (cache miss)
66 http fetch GET 200 https://registry.npmjs.org/picocolors/-/picocolors-1.1.1.tgz 172ms (cache miss)
67 http fetch GET 200 https://registry.npmjs.org/supports-preserve-symlinks-flag/-/supports-preserve-symlinks-flag-1.0.0.tgz 196ms (cache miss)
68 http fetch GET 200 https://registry.npmjs.org/kleur/-/kleur-4.1.5.tgz 192ms (cache miss)
69 http fetch GET 200 https://registry.npmjs.org/is-core-module/-/is-core-module-2.16.1.tgz 192ms (cache miss)
70 http fetch GET 200 https://registry.npmjs.org/vitefu/-/vitefu-0.2.5.tgz 202ms (cache miss)
71 http fetch GET 200 https://registry.npmjs.org/sourcemap-codec/-/sourcemap-codec-1.4.8.tgz 202ms (cache miss)
72 http fetch GET 200 https://registry.npmjs.org/hasown/-/hasown-2.0.2.tgz 198ms (cache miss)
73 warn deprecated sourcemap-codec@1.4.8: Please use @jridgewell/sourcemap-codec instead
74 http fetch GET 200 https://registry.npmjs.org/esbuild/-/esbuild-0.15.18.tgz 202ms (cache miss)
75 http fetch GET 200 https://registry.npmjs.org/function-bind/-/function-bind-1.1.2.tgz 213ms (cache miss)
76 http fetch GET 200 https://registry.npmjs.org/deepmerge/-/deepmerge-4.3.1.tgz 202ms (cache miss)
77 http fetch GET 200 https://registry.npmjs.org/debug/-/debug-4.4.3.tgz 204ms (cache miss)
78 http fetch GET 200 https://registry.npmjs.org/svelte-hmr/-/svelte-hmr-0.15.3.tgz 248ms (cache miss)
79 http fetch GET 200 https://registry.npmjs.org/magic-string/-/magic-string-0.26.7.tgz 246ms (cache miss)
80 http fetch GET 200 https://registry.npmjs.org/nanoid/-/nanoid-3.3.11.tgz 252ms (cache miss)
81 http fetch GET 200 https://registry.npmjs.org/source-map-js/-/source-map-js-1.2.1.tgz 254ms (cache miss)
82 http fetch GET 200 https://registry.npmjs.org/postcss/-/postcss-8.5.6.tgz 367ms (cache miss)
83 http fetch GET 200 https://registry.npmjs.org/vite/-/vite-3.2.11.tgz 416ms (cache miss)
84 http fetch GET 200 https://registry.npmjs.org/rollup/-/rollup-2.79.2.tgz 423ms (cache miss)
85 http fetch GET 200 https://registry.npmjs.org/esbuild-windows-64/-/esbuild-windows-64-0.15.18.tgz 418ms (cache miss)
86 http fetch GET 200 https://registry.npmjs.org/@sveltejs/vite-plugin-svelte/-/vite-plugin-svelte-1.4.0.tgz 446ms (cache miss)
87 http fetch GET 200 https://registry.npmjs.org/resolve/-/resolve-1.22.11.tgz 479ms (cache miss)
88 http fetch GET 200 https://registry.npmjs.org/svelte/-/svelte-3.59.2.tgz 777ms (cache miss)
89 info run esbuild@0.15.18 postinstall node_modules/esbuild node install.js
90 info run esbuild@0.15.18 postinstall { code: 0, signal: null }
91 silly ADD node_modules/vitefu
92 silly ADD node_modules/vite
93 silly ADD node_modules/svelte-hmr
94 silly ADD node_modules/svelte
95 silly ADD node_modules/supports-preserve-symlinks-flag
96 silly ADD node_modules/sourcemap-codec
97 silly ADD node_modules/source-map-js
98 silly ADD node_modules/rollup
99 silly ADD node_modules/resolve
100 silly ADD node_modules/postcss
101 silly ADD node_modules/picocolors
102 silly ADD node_modules/path-parse
103 silly ADD node_modules/nanoid
104 silly ADD node_modules/ms
105 silly ADD node_modules/magic-string
106 silly ADD node_modules/kleur
107 silly ADD node_modules/is-core-module
108 silly ADD node_modules/hasown
109 silly ADD node_modules/function-bind
110 silly ADD node_modules/esbuild-windows-64
111 silly ADD node_modules/esbuild
112 silly ADD node_modules/deepmerge
113 silly ADD node_modules/debug
114 silly ADD node_modules/@sveltejs/vite-plugin-svelte
115 verbose cwd C:\Users\jeuxpc\Documents\GitHub\rldev2026-go-edition\GUI Sources\frontend
116 verbose os Windows_NT 10.0.26200
117 verbose node v24.13.1
118 verbose npm  v11.8.0
119 notice
119 notice New minor version of npm available! 11.8.0 -> 11.14.1
119 notice Changelog: https://github.com/npm/cli/releases/tag/v11.14.1
119 notice To update run: npm install -g npm@11.14.1
119 notice  { force: true, Symbol(proc-log.meta): true }
120 verbose exit 0
121 info ok
